Determining if the pthread_create exist failed with the following output:
Change Dir: /home/adrii/tiago_public_ws/build/pal_statistics/CMakeFiles/CMakeTmp

Run Build Command:"/usr/bin/make" "cmTC_303b2/fast"
/usr/bin/make -f CMakeFiles/cmTC_303b2.dir/build.make CMakeFiles/cmTC_303b2.dir/build
make[1]: se entra en el directorio '/home/adrii/tiago_public_ws/build/pal_statistics/CMakeFiles/CMakeTmp'
Building C object CMakeFiles/cmTC_303b2.dir/CheckSymbolExists.c.o
/usr/bin/cc     -o CMakeFiles/cmTC_303b2.dir/CheckSymbolExists.c.o   -c /home/adrii/tiago_public_ws/build/pal_statistics/CMakeFiles/CMakeTmp/CheckSymbolExists.c
Linking C executable cmTC_303b2
/usr/bin/cmake -E cmake_link_script CMakeFiles/cmTC_303b2.dir/link.txt --verbose=1
/usr/bin/cc       CMakeFiles/cmTC_303b2.dir/CheckSymbolExists.c.o  -o cmTC_303b2 -rdynamic 
CMakeFiles/cmTC_303b2.dir/CheckSymbolExists.c.o: En la funci√≥n `main':
CheckSymbolExists.c:(.text+0x16): referencia a `pthread_create' sin definir
collect2: error: ld returned 1 exit status
CMakeFiles/cmTC_303b2.dir/build.make:97: fallo en las instrucciones para el objetivo 'cmTC_303b2'
make[1]: *** [cmTC_303b2] Error 1
make[1]: se sale del directorio '/home/adrii/tiago_public_ws/build/pal_statistics/CMakeFiles/CMakeTmp'
Makefile:126: fallo en las instrucciones para el objetivo 'cmTC_303b2/fast'
make: *** [cmTC_303b2/fast] Error 2

File /home/adrii/tiago_public_ws/build/pal_statistics/CMakeFiles/CMakeTmp/CheckSymbolExists.c:
/* */
#include <pthread.h>

int main(int argc, char** argv)
{
  (void)argv;
#ifndef pthread_create
  return ((int*)(&pthread_create))[argc];
#else
  (void)argc;
  return 0;
#endif
}

Determining if the function pthread_create exists in the pthreads failed with the following output:
Change Dir: /home/adrii/tiago_public_ws/build/pal_statistics/CMakeFiles/CMakeTmp

Run Build Command:"/usr/bin/make" "cmTC_bd4a0/fast"
/usr/bin/make -f CMakeFiles/cmTC_bd4a0.dir/build.make CMakeFiles/cmTC_bd4a0.dir/build
make[1]: se entra en el directorio '/home/adrii/tiago_public_ws/build/pal_statistics/CMakeFiles/CMakeTmp'
Building C object CMakeFiles/cmTC_bd4a0.dir/CheckFunctionExists.c.o
/usr/bin/cc    -DCHECK_FUNCTION_EXISTS=pthread_create   -o CMakeFiles/cmTC_bd4a0.dir/CheckFunctionExists.c.o   -c /usr/share/cmake-3.5/Modules/CheckFunctionExists.c
Linking C executable cmTC_bd4a0
/usr/bin/cmake -E cmake_link_script CMakeFiles/cmTC_bd4a0.dir/link.txt --verbose=1
/usr/bin/cc   -DCHECK_FUNCTION_EXISTS=pthread_create    CMakeFiles/cmTC_bd4a0.dir/CheckFunctionExists.c.o  -o cmTC_bd4a0 -rdynamic -lpthreads 
/usr/bin/ld: no se puede encontrar -lpthreads
collect2: error: ld returned 1 exit status
CMakeFiles/cmTC_bd4a0.dir/build.make:97: fallo en las instrucciones para el objetivo 'cmTC_bd4a0'
make[1]: *** [cmTC_bd4a0] Error 1
make[1]: se sale del directorio '/home/adrii/tiago_public_ws/build/pal_statistics/CMakeFiles/CMakeTmp'
Makefile:126: fallo en las instrucciones para el objetivo 'cmTC_bd4a0/fast'
make: *** [cmTC_bd4a0/fast] Error 2


